1518093425343	geckodriver	INFO	geckodriver 0.19.1
1518093425351	geckodriver	INFO	Listening on 127.0.0.1:54790
1518093426826	mozrunner::runner	INFO	Running command: "/usr/bin/firefox" "-marionette" "-profile" "/tmp/rust_mozprofile.6gFMmMcu1zoa"
1518093427928	Marionette	INFO	Enabled via --marionette
1518093432364	Marionette	INFO	Listening on port 41798
1518093432616	Marionette	WARN	TLS certificate errors will be ignored for this session
1518093432707	Marionette	DEBUG	Register listener.js for window 2147483649
1518093436262	Marionette	DEBUG	Received DOM event "beforeunload" for "about:blank"
1518093437137	Marionette	DEBUG	Received DOM event "pagehide" for "about:blank"
1518093437138	Marionette	DEBUG	Received DOM event "unload" for "about:blank"
1518093437431	Marionette	DEBUG	Received DOM event "DOMContentLoaded" for "https://www.google.co.in/?gfe_rd=cr&dcr=0&ei=fER8WuzsG4_y8AeQzrDYCQ&gws_rd=ssl"
1518093439489	Marionette	DEBUG	Received DOM event "pageshow" for "https://www.google.co.in/?gfe_rd=cr&dcr=0&ei=fER8WuzsG4_y8AeQzrDYCQ&gws_rd=ssl"
1518093455481	geckodriver	INFO	geckodriver 0.19.1
1518093455489	geckodriver	INFO	Listening on 127.0.0.1:45036
1518093456962	mozrunner::runner	INFO	Running command: "/usr/bin/firefox" "-marionette" "-profile" "/tmp/rust_mozprofile.btcnHTPqgzXW"
1518093458055	Marionette	INFO	Enabled via --marionette
1518093462388	Marionette	INFO	Listening on port 40490
1518093462648	Marionette	WARN	TLS certificate errors will be ignored for this session
1518093462739	Marionette	DEBUG	Register listener.js for window 2147483649
1518093466334	Marionette	DEBUG	Received DOM event "beforeunload" for "about:blank"
1518093468701	Marionette	DEBUG	Received DOM event "pagehide" for "about:blank"
1518093468701	Marionette	DEBUG	Received DOM event "unload" for "about:blank"
1518093468987	Marionette	DEBUG	Received DOM event "DOMContentLoaded" for "https://www.google.co.in/?gfe_rd=cr&dcr=0&ei=nER8WpWiDpPy8Afq_6qADw&gws_rd=ssl"
1518093470747	Marionette	DEBUG	Received DOM event "pageshow" for "https://www.google.co.in/?gfe_rd=cr&dcr=0&ei=nER8WpWiDpPy8Afq_6qADw&gws_rd=ssl"

###!!! [Child][MessageChannel] Error: (msgtype=0x42000E,name=PHttpChannel::Msg_DeletingChannel) Channel closing: too late to send/recv, messages will be lost

*** UTM:SVC TimerManager:registerTimer called after profile-before-change notification. Ignoring timer registration for id: telemetry_modules_ping
1518093536210	geckodriver	INFO	geckodriver 0.19.1
1518093536218	geckodriver	INFO	Listening on 127.0.0.1:41647
1518093537657	mozrunner::runner	INFO	Running command: "/usr/bin/firefox" "-marionette" "-profile" "/tmp/rust_mozprofile.pDrviJhvdXRu"
1518093538826	Marionette	INFO	Enabled via --marionette
1518093543418	Marionette	INFO	Listening on port 36189
1518093543640	Marionette	WARN	TLS certificate errors will be ignored for this session
1518093543753	Marionette	DEBUG	Register listener.js for window 2147483649
1518093547329	Marionette	DEBUG	Received DOM event "beforeunload" for "about:blank"
1518093548507	Marionette	DEBUG	Received DOM event "pagehide" for "about:blank"
1518093548507	Marionette	DEBUG	Received DOM event "unload" for "about:blank"
1518093548807	Marionette	DEBUG	Received DOM event "DOMContentLoaded" for "https://www.google.co.in/?gfe_rd=cr&dcr=0&ei=60R8WsOqGILy8Af_urHYAw&gws_rd=ssl"
1518093550906	Marionette	DEBUG	Received DOM event "pageshow" for "https://www.google.co.in/?gfe_rd=cr&dcr=0&ei=60R8WsOqGILy8Af_urHYAw&gws_rd=ssl"
1518093625886	geckodriver	INFO	geckodriver 0.19.1
1518093625894	geckodriver	INFO	Listening on 127.0.0.1:52501
1518093627363	mozrunner::runner	INFO	Running command: "/usr/bin/firefox" "-marionette" "-profile" "/tmp/rust_mozprofile.mWRncDsyYSSH"
1518093628449	Marionette	INFO	Enabled via --marionette
1518093632574	Marionette	INFO	Listening on port 37962
1518093632599	Marionette	WARN	TLS certificate errors will be ignored for this session
1518093632695	Marionette	DEBUG	Register listener.js for window 2147483649
1518093636397	Marionette	DEBUG	Received DOM event "beforeunload" for "about:blank"
1518093637747	Marionette	DEBUG	Received DOM event "pagehide" for "about:blank"
1518093637748	Marionette	DEBUG	Received DOM event "unload" for "about:blank"
1518093638047	Marionette	DEBUG	Received DOM event "DOMContentLoaded" for "https://www.google.co.in/?gfe_rd=cr&dcr=0&ei=REV8Wpr4KpLy8Af70bDQBQ&gws_rd=ssl"
1518093639596	Marionette	DEBUG	Received DOM event "pageshow" for "https://www.google.co.in/?gfe_rd=cr&dcr=0&ei=REV8Wpr4KpLy8Af70bDQBQ&gws_rd=ssl"
1518093644394	Marionette	DEBUG	Register listener.js for window 2147483654
1518093644847	Marionette	DEBUG	Register listener.js for window 4294967297
1518093659000	Marionette	DEBUG	Register listener.js for window 6442450945
1518093669209	Marionette	DEBUG	Register listener.js for window 2147483657
1518093695993	geckodriver	INFO	geckodriver 0.19.1
1518093696001	geckodriver	INFO	Listening on 127.0.0.1:51553
1518093697499	mozrunner::runner	INFO	Running command: "/usr/bin/firefox" "-marionette" "-profile" "/tmp/rust_mozprofile.Z4C6BKEdTzBs"
1518093698598	Marionette	INFO	Enabled via --marionette
1518093702733	Marionette	INFO	Listening on port 42792
1518093702957	Marionette	WARN	TLS certificate errors will be ignored for this session
1518093703058	Marionette	DEBUG	Register listener.js for window 2147483649
1518093706625	Marionette	DEBUG	Received DOM event "beforeunload" for "about:blank"
1518093709356	Marionette	DEBUG	Received DOM event "pagehide" for "about:blank"
1518093709357	Marionette	DEBUG	Received DOM event "unload" for "about:blank"
1518093709957	Marionette	DEBUG	Received DOM event "DOMContentLoaded" for "https://www.google.co.in/?gfe_rd=cr&dcr=0&ei=ikV8WrnzNJLy8Af70bDQBQ&gws_rd=ssl"
1518093712446	Marionette	DEBUG	Received DOM event "pageshow" for "https://www.google.co.in/?gfe_rd=cr&dcr=0&ei=ikV8WrnzNJLy8Af70bDQBQ&gws_rd=ssl"
1518093720284	Marionette	DEBUG	Register listener.js for window 2147483654
1518093720722	Marionette	DEBUG	Register listener.js for window 4294967297

###!!! [Child][RunMessage] Error: Channel closing: too late to send/recv, messages will be lost


###!!! [Child][RunMessage] Error: Channel closing: too late to send/recv, messages will be lost


###!!! [Child][RunMessage] Error: Channel closing: too late to send/recv, messages will be lost

1518093736819	Marionette	DEBUG	Register listener.js for window 2147483657
1518093750059	geckodriver	INFO	geckodriver 0.19.1
1518093750067	geckodriver	INFO	Listening on 127.0.0.1:52362
1518093751512	mozrunner::runner	INFO	Running command: "/usr/bin/firefox" "-marionette" "-profile" "/tmp/rust_mozprofile.lfLkhVBYeVkY"
1518093752612	Marionette	INFO	Enabled via --marionette
1518093757025	Marionette	INFO	Listening on port 46591
1518093757063	Marionette	WARN	TLS certificate errors will be ignored for this session
1518093757172	Marionette	DEBUG	Register listener.js for window 2147483649
1518093760735	Marionette	DEBUG	Received DOM event "beforeunload" for "about:blank"
1518093770423	Marionette	DEBUG	Received DOM event "pagehide" for "about:blank"
1518093770424	Marionette	DEBUG	Received DOM event "unload" for "about:blank"
1518093770718	Marionette	DEBUG	Received DOM event "DOMContentLoaded" for "https://www.google.co.in/?gfe_rd=cr&dcr=0&ei=yEV8WpXgF5Py8Afq_6qADw&gws_rd=ssl"
1518093783172	Marionette	DEBUG	Received DOM event "pageshow" for "https://www.google.co.in/?gfe_rd=cr&dcr=0&ei=yEV8WpXgF5Py8Afq_6qADw&gws_rd=ssl"
*** UTM:SVC TimerManager:registerTimer called after profile-before-change notification. Ignoring timer registration for id: telemetry_modules_ping
1518093794848	geckodriver	INFO	geckodriver 0.19.1
1518093794855	geckodriver	INFO	Listening on 127.0.0.1:52885
1518093796413	mozrunner::runner	INFO	Running command: "/usr/bin/firefox" "-marionette" "-profile" "/tmp/rust_mozprofile.SbtNZa3iDP3V"
1518093798004	Marionette	INFO	Enabled via --marionette
[Parent 24987, Gecko_IOThread] WARNING: pipe error (89): Connection reset by peer: file /build/firefox-itlqqH/firefox-57.0.4+build1/ipc/chromium/src/chrome/common/ipc_channel_posix.cc, line 353
1518093804253	Marionette	INFO	Listening on port 40165
1518093804511	Marionette	WARN	TLS certificate errors will be ignored for this session
1518093804652	Marionette	DEBUG	Register listener.js for window 2147483649
1518093808209	Marionette	DEBUG	Received DOM event "beforeunload" for "about:blank"
1518093811464	Marionette	DEBUG	Received DOM event "pagehide" for "about:blank"
1518093811465	Marionette	DEBUG	Received DOM event "unload" for "about:blank"
1518093812039	Marionette	DEBUG	Received DOM event "DOMContentLoaded" for "https://www.google.co.in/?gfe_rd=cr&dcr=0&ei=8EV8WvWqI5Hy8Afyg7PQBQ&gws_rd=ssl"
1518093814724	Marionette	DEBUG	Received DOM event "pageshow" for "https://www.google.co.in/?gfe_rd=cr&dcr=0&ei=8EV8WvWqI5Hy8Afyg7PQBQ&gws_rd=ssl"
1518093837950	Marionette	DEBUG	Register listener.js for window 2147483655
1518093838481	Marionette	DEBUG	Register listener.js for window 4294967297
1518093865017	Marionette	DEBUG	Register listener.js for window 2147483658
